ncsim 15.20-s084
Linux 3.10.0-1160.el7.x86_64 #1 SMP Mon Oct 19 16:18:59 UTC 2020 x86_64
CPU cores: 40
Limit information:
======================================
cputime			unlimited
filesize		unlimited
datasize		unlimited
stacksize		8192 kbytes
coredumpsize	0 kbytes
memoryuse		unlimited
vmemoryuse		unlimited
descriptors		4096
memorylocked	64 kbytes
maxproc			4096
======================================
(Special)Runtime environment variables:

Runtime environment variables:
USER=b09011
LOGNAME=b09011
HOME=/home/raid7_2/userb09/b09011
PATH=/usr/mentor/calibre/cur/bin:/usr/cad/synopsys/customexplorer/cur/bin:/usr/cad/cadence/SPECTRE/cur/tools/dfII/bin:/usr/cad/cadence/SPECTRE/cur/tools/bin:/usr/cad/cadence/STRATUS/cur/tools/bin:/usr/cad/cadence/JASPER/cur/bin:/usr/cad/cadence/EDI/cur/tools/celtic/bin:/usr/cad/cadence/EDI/cur/tools/plato/bin:/usr/cad/cadence/EDI/cur/tools/dfII/bin:/usr/cad/cadence/EDI/cur/tools/fe/bin:/usr/cad/cadence/EDI/cur/tools/cdsdoc/bin:/usr/cad/cadence/EDI/cur/tools/bin:/usr/cad/cadence/EDI/cur//tools/tlfUtil/bin:/usr/cad/cadence/RC/cur/tools/bin:/usr/cad/cadence/MMSIM/cur/tools/dfII/bin:/usr/cad/cadence/MMSIM/cur/tools/bin:/usr/cad/cadence/NEOCIRCUIT/cur/tools/NeoCircuit/bin:bin.linux:/usr/cad/cadence/SPB/cur/tools/specctra/bin:/usr/cad/cadence/SPB/cur/tools/pcb/bin:/usr/cad/cadence/SPB/cur/tools/dfII/bin:/usr/cad/cadence/SPB/cur/tools/bin:/usr/cad/cadence/INCISIV/cur/tools/bin:/usr/cad/cadence/INCISIV/cur/tools/vtools/vfault/bin:/usr/cad/cadence/INCISIV/cur/tools/dfII/bin:/usr/cad/cadence/IC/cur/tools/dfII/bin:/usr/cad/cadence/IC/cur/tools/dracula/bin:/usr/cad/cadence/IC/cur/tools/bin:/usr/cad/cadence/EXT/cur/tools/bin:/usr/cad/cadence/ETS/cur/tools/bin:/usr/cad/cadence/CONFRML/cur/./bin:/usr/cad/cadence/CONFRML/cur/tools/bin:/usr/cad/cadence/CCD/cur/tools/bin:/usr/cad/cadence/ASSURA/cur/tools/assura/bin:/usr/cad/cadence/ASSURA/cur/tools/dsm/bin:/usr/cad/cadence/ASSURA/cur/tools/bin:/usr/cad/cadence/ASSURA/cur/tools/dfII/bin:/usr/lib64/qt-3.3/bin:/usr/local/bin:/usr/bin:/usr/local/sbin:/usr/sbin:/home/raid7_4/raid1_1/linux/novas/verdi/cur/bin
MAIL=/var/spool/mail/b09011
SHELL=/bin/tcsh
SSH_CLIENT=140.112.151.77 1639 22
SSH_CONNECTION=140.112.151.77 1639 140.112.20.72 22
SSH_TTY=/dev/pts/15
TERM=xterm
DISPLAY=localhost:21.0
SELINUX_ROLE_REQUESTED=
SELINUX_LEVEL_REQUESTED=
SELINUX_USE_CURRENT_RANGE=
XDG_SESSION_ID=20793
XDG_RUNTIME_DIR=/run/user/4575
HOSTTYPE=x86_64-linux
VENDOR=unknown
OSTYPE=linux
MACHTYPE=x86_64
SHLVL=1
PWD=/home/raid7_2/userb09/b09011/NTUEE-DCLAB-Materials/lab1/sim
GROUP=user
HOST=cad29
REMOTEHOST=ip151-77.vpnip.cc.ntu.edu.tw
HOSTNAME=cad29
LS_COLORS=rs=0:di=01;34:ln=01;36:mh=00:pi=40;33:so=01;35:do=01;35:bd=40;33;01:cd=40;33;01:or=40;31;01:mi=01;05;37;41:su=37;41:sg=30;43:ca=30;41:tw=30;42:ow=34;42:st=37;44:ex=01;32:*.tar=01;31:*.tgz=01;31:*.arc=01;31:*.arj=01;31:*.taz=01;31:*.lha=01;31:*.lz4=01;31:*.lzh=01;31:*.lzma=01;31:*.tlz=01;31:*.txz=01;31:*.tzo=01;31:*.t7z=01;31:*.zip=01;31:*.z=01;31:*.Z=01;31:*.dz=01;31:*.gz=01;31:*.lrz=01;31:*.lz=01;31:*.lzo=01;31:*.xz=01;31:*.bz2=01;31:*.bz=01;31:*.tbz=01;31:*.tbz2=01;31:*.tz=01;31:*.deb=01;31:*.rpm=01;31:*.jar=01;31:*.war=01;31:*.ear=01;31:*.sar=01;31:*.rar=01;31:*.alz=01;31:*.ace=01;31:*.zoo=01;31:*.cpio=01;31:*.7z=01;31:*.rz=01;31:*.cab=01;31:*.jpg=01;35:*.jpeg=01;35:*.gif=01;35:*.bmp=01;35:*.pbm=01;35:*.pgm=01;35:*.ppm=01;35:*.tga=01;35:*.xbm=01;35:*.xpm=01;35:*.tif=01;35:*.tiff=01;35:*.png=01;35:*.svg=01;35:*.svgz=01;35:*.mng=01;35:*.pcx=01;35:*.mov=01;35:*.mpg=01;35:*.mpeg=01;35:*.m2v=01;35:*.mkv=01;35:*.webm=01;35:*.ogm=01;35:*.mp4=01;35:*.m4v=01;35:*.mp4v=01;35:*.vob=01;35:*.qt=01;35:*.nuv=01;35:*.wmv=01;35:*.asf=01;35:*.rm=01;35:*.rmvb=01;35:*.flc=01;35:*.avi=01;35:*.fli=01;35:*.flv=01;35:*.gl=01;35:*.dl=01;35:*.xcf=01;35:*.xwd=01;35:*.yuv=01;35:*.cgm=01;35:*.emf=01;35:*.axv=01;35:*.anx=01;35:*.ogv=01;35:*.ogx=01;35:*.aac=01;36:*.au=01;36:*.flac=01;36:*.mid=01;36:*.midi=01;36:*.mka=01;36:*.mp3=01;36:*.mpc=01;36:*.ogg=01;36:*.ra=01;36:*.wav=01;36:*.axa=01;36:*.oga=01;36:*.spx=01;36:*.xspf=01;36:
LANG=en_US.UTF-8
LESSOPEN=||/usr/bin/lesspipe.sh %s
QT_GRAPHICSSYSTEM_CHECKED=1
QTDIR=/usr/lib64/qt-3.3
QTINC=/usr/lib64/qt-3.3/include
QTLIB=/usr/lib64/qt-3.3/lib
ASSURAHOME=/usr/cad/cadence/ASSURA/cur
LD_LIBRARY_PATH=/home/raid7_4/raid1_1/linux/novas/verdi/cur/share/PLI/IUS/LINUX/
LM_LICENSE_FILE=1717@lstc:26585@lstc:5280@lstc
CDS_LIC_FILE=/usr/cad/cadence/IC/cur/share/license/license.dat
VERPLEX_HOME=/usr/cad/cadence/CONFRML/cur
OAHOME=/usr/cad/cadence/oa_v22.04.073
OA_HOME=/usr/cad/cadence/EDI/cur/oa
CDS_Netlisting_Mode=Analog
NEOCKTHOME=/usr/cad/cadence/NEOCIRCUIT/cur/tools/NeoCircuit
ENCOUNTER=/usr/cad/cadence/EDI/cur/tools/fe
MGC_HOME=/usr/mentor/calibre/cur
MGC_TMPDIR=/tmp
MGC_LOCATION_MAP=NO_MAP
_IRUNROOT_=/usr/cad/cadence/INCISIV/cur/tools
CDS_ARCH=lnx86
NCRUNMODE=ncverilog:./INCA_libs/irun.lnx86.15.20.nc
IRUNBATCH=FALSE
IMPERAS_PORT_FILE=.vsp_ovp_gdb_port
TCL_LIBRARY=/usr/cad/cadence/INCISIV/cur/tools/inca/files/tcl/library
Runtime command line arguments:
argv[0]=ncverilog
argv[1]=tb_Top.sv
argv[2]=../src/Top_example.sv
argv[3]=+access+rw
76 profile - 100
          CPU/Mem usage: 0.140 sys,  1.110 user,  69.02M sys,  0.00M vm
77 VC callback profile - scalar:0 vector:0
78 Thu Sep 15 22:48:19 2022
79 pliAppInit
80 FSDB_GATE is disabled.
81 Enable Parallel Dumping.
82 pliAppMiscSet: New Sim Round
83 pliEntryInit
84 LIBSSCORE=found /home/raid7_4/raid1_1/linux/novas/verdi/cur/share/PLI/IUS/LINUX/libsscore_ius152.so through $LD_LIBRARY_PATH setting.
85 argv[0]: Lab1_test.fsdb
86 argv[0]: 0
87 argv[1]: (handle)0xb6bfe80 Top_test
88 argv[2]: +all
89 FSDB Dumper for IUS, Release Verdi_P-2019.06, Linux, 05/26/2019
90 (C) 1996 - 2019 by Synopsys, Inc.
91 sps_call_fsdbDumpfile at 0 : /home/raid7_2/userb09/b09011/NTUEE-DCLAB-Materials/lab1/sim/tb_Top.sv(22)
92 argv[0]: Lab1_test.fsdb
93 *Verdi* FSDB WARNING: The FSDB file already exists. Overwriting the FSDB file may crash the programs that are using this file.
94 *Verdi* : Create FSDB file 'Lab1_test.fsdb'
95 sps_call_fsdbDumpvars at 0 : /home/raid7_2/userb09/b09011/NTUEE-DCLAB-Materials/lab1/sim/tb_Top.sv(23)
96 argv[0]: 0
97 argv[1]: (handle)0xb6bfe80 Top_test
98 argv[2]: +all
99 *Verdi* : Begin traversing the scope (Top_test), layer (0).
100 *Verdi* : Enable +all dumping.
101 *Verdi* : End of traversing.
102 fsdbDumpvars traverse var: profile - 
          CPU/Mem usage: 0.150 sys,  1.130 user,  150.88M sys,  0.00M vm
                   incr: 0.000 sys,  0.010 user,  3.27M sys,  0.00M vm
                   accu: 0.000 sys,  0.010 user,  3.27M sys,  0.00M vm
              accu incr: 0.000 sys,  0.010 user,  3.27M sys,  0.00M vm

          Count usage: 14 var,  14 idcode,  14 callback
                 incr: 14 var,  14 idcode,  14 callback
                 accu: 14 var,  14 idcode,  14 callback
            accu incr: 14 var,  14 idcode,  14 callback
103 VC callback profile - scalar:0 vector:0
104 Thu Sep 15 22:48:19 2022
105 fsdbDumpvars: profile - 
          CPU/Mem usage: 0.150 sys,  1.130 user,  151.93M sys,  0.00M vm
                   incr: 0.000 sys,  0.000 user,  1.05M sys,  0.00M vm
                   accu: 0.000 sys,  0.010 user,  4.33M sys,  0.00M vm
              accu incr: 0.000 sys,  0.000 user,  1.05M sys,  0.00M vm

          Count usage: 14 var,  14 idcode,  14 callback
                 incr: 0 var,  0 idcode,  0 callback
                 accu: 14 var,  14 idcode,  14 callback
            accu incr: 0 var,  0 idcode,  0 callback
106 VC callback profile - scalar:8 vector:6
107 Thu Sep 15 22:48:19 2022
108 End of simulation at 1000000000
109 VC callback profile - scalar:40000023 vector:10
110 Thu Sep 15 22:48:25 2022
111 Begin FSDB profile info:
112 FSDB Writer : bc1(40000023) bcn(10) mtf/stf(0/0)
FSDB Writer elapsed time : flush(0.022680) io wait(0.000000) theadpool wait(0.000000) target functin(0.000000)
FSDB Writer cpu time : MT Compression : 0
113 End FSDB profile info
114 Parallel profile    -  Flush:3 Expand:0 ProduceWait:0 ConsumerWait:210 BlockUsed:240
115                        ProduceTime:6.982754934 ConsumerTime:4.660806278 Buffer:64MB
116 SimExit
117 Sim process exit
